Change Component Designator: OldDesignator=Analog In NewDesignator=H1
Change Component Designator: OldDesignator=AVR NewDesignator=H4
Change Component Designator: OldDesignator=Digital NewDesignator=H2
Change Component Designator: OldDesignator=Digital NewDesignator=H3
Change Component Designator: OldDesignator=Sensor Power NewDesignator=H0
Change Net Name : Old Net Name=NetP2_1 New Net Name=NetH1_1
Change Net Name : Old Net Name=NetP2_2 New Net Name=NetH1_2
Change Net Name : Old Net Name=NetP2_3 New Net Name=NetH1_3
Change Net Name : Old Net Name=NetP2_4 New Net Name=NetH1_4
Change Net Name : Old Net Name=NetP2_5 New Net Name=NetH1_5
Change Net Name : Old Net Name=NetP2_6 New Net Name=NetH1_6
Change Net Name : Old Net Name=NetP3_1 New Net Name=NetH2_1
Change Net Name : Old Net Name=NetP3_2 New Net Name=NetH2_2
Change Net Name : Old Net Name=NetP3_3 New Net Name=NetH2_3
Change Net Name : Old Net Name=NetP3_4 New Net Name=NetH2_4
Change Net Name : Old Net Name=NetP3_5 New Net Name=NetH2_5
Change Net Name : Old Net Name=NetP3_6 New Net Name=NetH2_6
Change Net Name : Old Net Name=NetP3_7 New Net Name=NetH2_7
Change Net Name : Old Net Name=NetP3_8 New Net Name=NetH2_8
Change Net Name : Old Net Name=NetP4_1 New Net Name=NetH3_1
Change Net Name : Old Net Name=NetP4_2 New Net Name=NetH3_2
Change Net Name : Old Net Name=NetP4_3 New Net Name=NetH3_3
Added Member To Class: ClassName=Sheet1 Member=Component H3 Header 6
Added Room: Name=Sheet1
